Determining if the function pthread_create exists in the pthreads failed with the following output:
Change Dir: /home/jens/Documents/Ensimag/2A/SEPC/sepc-threads/build/CMakeFiles/CMakeTmp

Run Build Command:/usr/bin/make "cmTryCompileExec/fast"
/usr/bin/make -f CMakeFiles/cmTryCompileExec.dir/build.make CMakeFiles/cmTryCompileExec.dir/build
make[1]: entrant dans le répertoire « /home/jens/Documents/Ensimag/2A/SEPC/sepc-threads/build/CMakeFiles/CMakeTmp »
/usr/bin/cmake -E cmake_progress_report /home/jens/Documents/Ensimag/2A/SEPC/sepc-threads/build/CMakeFiles/CMakeTmp/CMakeFiles 1
/usr/bin/cmake: /usr/local/lib/liblzma.so.5: no version information available (required by /usr/lib/x86_64-linux-gnu/libarchive.so.12)
Building C object CMakeFiles/cmTryCompileExec.dir/CheckFunctionExists.c.o
/usr/bin/gcc   -DCHECK_FUNCTION_EXISTS=pthread_create   -o CMakeFiles/cmTryCompileExec.dir/CheckFunctionExists.c.o   -c /usr/share/cmake-2.8/Modules/CheckFunctionExists.c
Linking C executable cmTryCompileExec
/usr/bin/cmake -E cmake_link_script CMakeFiles/cmTryCompileExec.dir/link.txt --verbose=1
/usr/bin/cmake: /usr/local/lib/liblzma.so.5: no version information available (required by /usr/lib/x86_64-linux-gnu/libarchive.so.12)
/usr/bin/gcc     -DCHECK_FUNCTION_EXISTS=pthread_create    CMakeFiles/cmTryCompileExec.dir/CheckFunctionExists.c.o  -o cmTryCompileExec -rdynamic -lpthreads 
/usr/bin/ld: cannot find -lpthreads
collect2: ld a retourné 1 code d'état d'exécution
make[1]: *** [cmTryCompileExec] Erreur 1
make[1]: quittant le répertoire « /home/jens/Documents/Ensimag/2A/SEPC/sepc-threads/build/CMakeFiles/CMakeTmp »
make: *** [cmTryCompileExec/fast] Erreur 2


Determining if the function pthread_create exists in the pthreads failed with the following output:
Change Dir: /user/3/.base/bellinoj/home/Documents/sepc-threads/build/CMakeFiles/CMakeTmp

Run Build Command:/usr/bin/gmake "cmTryCompileExec/fast"
/usr/bin/gmake -f CMakeFiles/cmTryCompileExec.dir/build.make CMakeFiles/cmTryCompileExec.dir/build
gmake[1]: entrant dans le répertoire « /user/3/.base/bellinoj/home/Documents/sepc-threads/build/CMakeFiles/CMakeTmp »
/usr/bin/cmake -E cmake_progress_report /user/3/.base/bellinoj/home/Documents/sepc-threads/build/CMakeFiles/CMakeTmp/CMakeFiles 1
Building C object CMakeFiles/cmTryCompileExec.dir/CheckFunctionExists.c.o
/usr/bin/gcc   -DCHECK_FUNCTION_EXISTS=pthread_create   -o CMakeFiles/cmTryCompileExec.dir/CheckFunctionExists.c.o   -c /usr/share/cmake/Modules/CheckFunctionExists.c
Linking C executable cmTryCompileExec
/usr/bin/cmake -E cmake_link_script CMakeFiles/cmTryCompileExec.dir/link.txt --verbose=1
/usr/bin/gcc     -DCHECK_FUNCTION_EXISTS=pthread_create  -fPIC CMakeFiles/cmTryCompileExec.dir/CheckFunctionExists.c.o  -o cmTryCompileExec -rdynamic -lpthreads 
/usr/bin/ld: cannot find -lpthreads
collect2: ld a retourné 1 code d'état d'exécution
gmake[1]: *** [cmTryCompileExec] Erreur 1
gmake[1]: quittant le répertoire « /user/3/.base/bellinoj/home/Documents/sepc-threads/build/CMakeFiles/CMakeTmp »
gmake: *** [cmTryCompileExec/fast] Erreur 2


Determining if the function pthread_create exists in the pthreads failed with the following output:
Change Dir: /home/jens/Documents/Ensimag/2A/SEPC/sepc-threads/build/CMakeFiles/CMakeTmp

Run Build Command:/usr/bin/make "cmTryCompileExec/fast"
/usr/bin/make -f CMakeFiles/cmTryCompileExec.dir/build.make CMakeFiles/cmTryCompileExec.dir/build
make[1]: entrant dans le répertoire « /home/jens/Documents/Ensimag/2A/SEPC/sepc-threads/build/CMakeFiles/CMakeTmp »
/usr/bin/cmake -E cmake_progress_report /home/jens/Documents/Ensimag/2A/SEPC/sepc-threads/build/CMakeFiles/CMakeTmp/CMakeFiles 1
/usr/bin/cmake: /usr/local/lib/liblzma.so.5: no version information available (required by /usr/lib/x86_64-linux-gnu/libarchive.so.12)
Building C object CMakeFiles/cmTryCompileExec.dir/CheckFunctionExists.c.o
/usr/bin/gcc   -DCHECK_FUNCTION_EXISTS=pthread_create   -o CMakeFiles/cmTryCompileExec.dir/CheckFunctionExists.c.o   -c /usr/share/cmake-2.8/Modules/CheckFunctionExists.c
Linking C executable cmTryCompileExec
/usr/bin/cmake -E cmake_link_script CMakeFiles/cmTryCompileExec.dir/link.txt --verbose=1
/usr/bin/cmake: /usr/local/lib/liblzma.so.5: no version information available (required by /usr/lib/x86_64-linux-gnu/libarchive.so.12)
/usr/bin/gcc     -DCHECK_FUNCTION_EXISTS=pthread_create    CMakeFiles/cmTryCompileExec.dir/CheckFunctionExists.c.o  -o cmTryCompileExec -rdynamic -lpthreads 
/usr/bin/ld: cannot find -lpthreads
collect2: ld a retourné 1 code d'état d'exécution
make[1]: *** [cmTryCompileExec] Erreur 1
make[1]: quittant le répertoire « /home/jens/Documents/Ensimag/2A/SEPC/sepc-threads/build/CMakeFiles/CMakeTmp »
make: *** [cmTryCompileExec/fast] Erreur 2


Determining if the pthread_create exist failed with the following output:
Change Dir: /home/beljul/workspace/sepc-threads/build/CMakeFiles/CMakeTmp

Run Build Command:/usr/bin/make "cmTryCompileExec4176285780/fast"
/usr/bin/make -f CMakeFiles/cmTryCompileExec4176285780.dir/build.make CMakeFiles/cmTryCompileExec4176285780.dir/build
make[1]: Entering directory '/home/beljul/workspace/sepc-threads/build/CMakeFiles/CMakeTmp'
/usr/bin/cmake -E cmake_progress_report /home/beljul/workspace/sepc-threads/build/CMakeFiles/CMakeTmp/CMakeFiles 1
Building C object CMakeFiles/cmTryCompileExec4176285780.dir/CheckSymbolExists.c.o
/usr/bin/cc    -o CMakeFiles/cmTryCompileExec4176285780.dir/CheckSymbolExists.c.o   -c /home/beljul/workspace/sepc-threads/build/CMakeFiles/CMakeTmp/CheckSymbolExists.c
Linking C executable cmTryCompileExec4176285780
/usr/bin/cmake -E cmake_link_script CMakeFiles/cmTryCompileExec4176285780.dir/link.txt --verbose=1
/usr/bin/cc       CMakeFiles/cmTryCompileExec4176285780.dir/CheckSymbolExists.c.o  -o cmTryCompileExec4176285780 -rdynamic 
CMakeFiles/cmTryCompileExec4176285780.dir/CheckSymbolExists.c.o: dans la fonction « main »:
CheckSymbolExists.c:(.text+0x16): référence indéfinie vers « pthread_create »
collect2: erreur: ld a retourné 1 code d'état d'exécution
CMakeFiles/cmTryCompileExec4176285780.dir/build.make:91: recipe for target 'cmTryCompileExec4176285780' failed
make[1]: *** [cmTryCompileExec4176285780] Error 1
make[1]: Leaving directory '/home/beljul/workspace/sepc-threads/build/CMakeFiles/CMakeTmp'
Makefile:117: recipe for target 'cmTryCompileExec4176285780/fast' failed
make: *** [cmTryCompileExec4176285780/fast] Error 2

File /home/beljul/workspace/sepc-threads/build/CMakeFiles/CMakeTmp/CheckSymbolExists.c:
/* */
#include <pthread.h>

int main(int argc, char** argv)
{
  (void)argv;
#ifndef pthread_create
  return ((int*)(&pthread_create))[argc];
#else
  (void)argc;
  return 0;
#endif
}

Determining if the function pthread_create exists in the pthreads failed with the following output:
Change Dir: /home/beljul/workspace/sepc-threads/build/CMakeFiles/CMakeTmp

Run Build Command:/usr/bin/make "cmTryCompileExec767492368/fast"
/usr/bin/make -f CMakeFiles/cmTryCompileExec767492368.dir/build.make CMakeFiles/cmTryCompileExec767492368.dir/build
make[1]: Entering directory '/home/beljul/workspace/sepc-threads/build/CMakeFiles/CMakeTmp'
/usr/bin/cmake -E cmake_progress_report /home/beljul/workspace/sepc-threads/build/CMakeFiles/CMakeTmp/CMakeFiles 1
Building C object CMakeFiles/cmTryCompileExec767492368.dir/CheckFunctionExists.c.o
/usr/bin/cc   -DCHECK_FUNCTION_EXISTS=pthread_create   -o CMakeFiles/cmTryCompileExec767492368.dir/CheckFunctionExists.c.o   -c /usr/share/cmake-2.8/Modules/CheckFunctionExists.c
Linking C executable cmTryCompileExec767492368
/usr/bin/cmake -E cmake_link_script CMakeFiles/cmTryCompileExec767492368.dir/link.txt --verbose=1
/usr/bin/cc   -DCHECK_FUNCTION_EXISTS=pthread_create    CMakeFiles/cmTryCompileExec767492368.dir/CheckFunctionExists.c.o  -o cmTryCompileExec767492368 -rdynamic -lpthreads 
/usr/bin/ld: ne peut trouver -lpthreads
collect2: erreur: ld a retourné 1 code d'état d'exécution
CMakeFiles/cmTryCompileExec767492368.dir/build.make:91: recipe for target 'cmTryCompileExec767492368' failed
make[1]: *** [cmTryCompileExec767492368] Error 1
make[1]: Leaving directory '/home/beljul/workspace/sepc-threads/build/CMakeFiles/CMakeTmp'
Makefile:117: recipe for target 'cmTryCompileExec767492368/fast' failed
make: *** [cmTryCompileExec767492368/fast] Error 2


Determining if the function pthread_create exists in the pthreads failed with the following output:
Change Dir: /home/jens/Documents/Ensimag/2A/SEPC/sepc-threads/build/CMakeFiles/CMakeTmp

Run Build Command:/usr/bin/make "cmTryCompileExec/fast"
/usr/bin/make -f CMakeFiles/cmTryCompileExec.dir/build.make CMakeFiles/cmTryCompileExec.dir/build
make[1]: entrant dans le répertoire « /home/jens/Documents/Ensimag/2A/SEPC/sepc-threads/build/CMakeFiles/CMakeTmp »
/usr/bin/cmake -E cmake_progress_report /home/jens/Documents/Ensimag/2A/SEPC/sepc-threads/build/CMakeFiles/CMakeTmp/CMakeFiles 1
/usr/bin/cmake: /usr/local/lib/liblzma.so.5: no version information available (required by /usr/lib/x86_64-linux-gnu/libarchive.so.12)
Building C object CMakeFiles/cmTryCompileExec.dir/CheckFunctionExists.c.o
/usr/bin/gcc   -DCHECK_FUNCTION_EXISTS=pthread_create   -o CMakeFiles/cmTryCompileExec.dir/CheckFunctionExists.c.o   -c /usr/share/cmake-2.8/Modules/CheckFunctionExists.c
Linking C executable cmTryCompileExec
/usr/bin/cmake -E cmake_link_script CMakeFiles/cmTryCompileExec.dir/link.txt --verbose=1
/usr/bin/cmake: /usr/local/lib/liblzma.so.5: no version information available (required by /usr/lib/x86_64-linux-gnu/libarchive.so.12)
/usr/bin/gcc     -DCHECK_FUNCTION_EXISTS=pthread_create    CMakeFiles/cmTryCompileExec.dir/CheckFunctionExists.c.o  -o cmTryCompileExec -rdynamic -lpthreads 
/usr/bin/ld: cannot find -lpthreads
collect2: ld a retourné 1 code d'état d'exécution
make[1]: *** [cmTryCompileExec] Erreur 1
make[1]: quittant le répertoire « /home/jens/Documents/Ensimag/2A/SEPC/sepc-threads/build/CMakeFiles/CMakeTmp »
make: *** [cmTryCompileExec/fast] Erreur 2


Determining if the pthread_create exist failed with the following output:
Change Dir: /home/beljul/workspace/sepc-threads/build/CMakeFiles/CMakeTmp

Run Build Command:/usr/bin/make "cmTryCompileExec2358810558/fast"
/usr/bin/make -f CMakeFiles/cmTryCompileExec2358810558.dir/build.make CMakeFiles/cmTryCompileExec2358810558.dir/build
make[1]: Entering directory '/home/beljul/workspace/sepc-threads/build/CMakeFiles/CMakeTmp'
/usr/bin/cmake -E cmake_progress_report /home/beljul/workspace/sepc-threads/build/CMakeFiles/CMakeTmp/CMakeFiles 1
Building C object CMakeFiles/cmTryCompileExec2358810558.dir/CheckSymbolExists.c.o
/usr/bin/cc    -o CMakeFiles/cmTryCompileExec2358810558.dir/CheckSymbolExists.c.o   -c /home/beljul/workspace/sepc-threads/build/CMakeFiles/CMakeTmp/CheckSymbolExists.c
Linking C executable cmTryCompileExec2358810558
/usr/bin/cmake -E cmake_link_script CMakeFiles/cmTryCompileExec2358810558.dir/link.txt --verbose=1
/usr/bin/cc       CMakeFiles/cmTryCompileExec2358810558.dir/CheckSymbolExists.c.o  -o cmTryCompileExec2358810558 -rdynamic 
CMakeFiles/cmTryCompileExec2358810558.dir/CheckSymbolExists.c.o: dans la fonction « main »:
CheckSymbolExists.c:(.text+0x16): référence indéfinie vers « pthread_create »
collect2: erreur: ld a retourné 1 code d'état d'exécution
CMakeFiles/cmTryCompileExec2358810558.dir/build.make:91: recipe for target 'cmTryCompileExec2358810558' failed
make[1]: *** [cmTryCompileExec2358810558] Error 1
make[1]: Leaving directory '/home/beljul/workspace/sepc-threads/build/CMakeFiles/CMakeTmp'
Makefile:117: recipe for target 'cmTryCompileExec2358810558/fast' failed
make: *** [cmTryCompileExec2358810558/fast] Error 2

File /home/beljul/workspace/sepc-threads/build/CMakeFiles/CMakeTmp/CheckSymbolExists.c:
/* */
#include <pthread.h>

int main(int argc, char** argv)
{
  (void)argv;
#ifndef pthread_create
  return ((int*)(&pthread_create))[argc];
#else
  (void)argc;
  return 0;
#endif
}

Determining if the function pthread_create exists in the pthreads failed with the following output:
Change Dir: /home/beljul/workspace/sepc-threads/build/CMakeFiles/CMakeTmp

Run Build Command:/usr/bin/make "cmTryCompileExec2925211931/fast"
/usr/bin/make -f CMakeFiles/cmTryCompileExec2925211931.dir/build.make CMakeFiles/cmTryCompileExec2925211931.dir/build
make[1]: Entering directory '/home/beljul/workspace/sepc-threads/build/CMakeFiles/CMakeTmp'
/usr/bin/cmake -E cmake_progress_report /home/beljul/workspace/sepc-threads/build/CMakeFiles/CMakeTmp/CMakeFiles 1
Building C object CMakeFiles/cmTryCompileExec2925211931.dir/CheckFunctionExists.c.o
/usr/bin/cc   -DCHECK_FUNCTION_EXISTS=pthread_create   -o CMakeFiles/cmTryCompileExec2925211931.dir/CheckFunctionExists.c.o   -c /usr/share/cmake-2.8/Modules/CheckFunctionExists.c
Linking C executable cmTryCompileExec2925211931
/usr/bin/cmake -E cmake_link_script CMakeFiles/cmTryCompileExec2925211931.dir/link.txt --verbose=1
/usr/bin/cc   -DCHECK_FUNCTION_EXISTS=pthread_create    CMakeFiles/cmTryCompileExec2925211931.dir/CheckFunctionExists.c.o  -o cmTryCompileExec2925211931 -rdynamic -lpthreads 
/usr/bin/ld: ne peut trouver -lpthreads
collect2: erreur: ld a retourné 1 code d'état d'exécution
CMakeFiles/cmTryCompileExec2925211931.dir/build.make:91: recipe for target 'cmTryCompileExec2925211931' failed
make[1]: *** [cmTryCompileExec2925211931] Error 1
make[1]: Leaving directory '/home/beljul/workspace/sepc-threads/build/CMakeFiles/CMakeTmp'
Makefile:117: recipe for target 'cmTryCompileExec2925211931/fast' failed
make: *** [cmTryCompileExec2925211931/fast] Error 2


